2025-02-09 15:51:53 [ERROR]: Error adding Principle: "password" is required
2025-02-09 15:52:22 [ERROR]: Error adding Principle: "password" is required
2025-02-09 15:54:23 [ERROR]: Error adding Principle: "password" is required
2025-02-09 15:56:20 [ERROR]: Error adding Principle: "Dob" is not allowed
2025-02-09 15:59:53 [ERROR]: Error adding Principle: "dob" is not allowed
2025-02-09 16:00:58 [ERROR]: Error adding Principle: Transaction numbers are only allowed on a replica set member or mongos
2025-02-09 16:03:06 [ERROR]: Error adding Principle: session is not defined
2025-02-09 16:04:10 [ERROR]: Error adding Principle: session is not defined
2025-02-09 16:04:18 [ERROR]: Error adding Principle: session is not defined
2025-02-09 16:04:19 [ERROR]: Error adding Principle: session is not defined
2025-02-09 16:04:20 [ERROR]: Error adding Principle: session is not defined
2025-02-09 16:04:20 [ERROR]: Error adding Principle: session is not defined
2025-02-09 16:04:20 [ERROR]: Error adding Principle: session is not defined
2025-02-09 16:05:08 [ERROR]: Error adding Principle: Principle validation failed: Dob: Cast to date failed for value "Invalid Date" (type Date) at path "Dob", EmployeeID: Path `EmployeeID` is required., gender: `male` is not a valid enum value for path `gender`.
2025-02-09 16:05:51 [ERROR]: Error adding Principle: "gender" must be one of [male, female, other]
2025-02-09 16:05:57 [ERROR]: Error adding Principle: "gender" must be one of [male, female, other]
2025-02-09 16:06:17 [ERROR]: Error adding Principle: "gender" must be one of [male, female, other]
2025-02-09 16:06:18 [ERROR]: Error adding Principle: "gender" must be one of [male, female, other]
2025-02-09 16:06:19 [ERROR]: Error adding Principle: "gender" must be one of [male, female, other]
2025-02-09 16:06:19 [ERROR]: Error adding Principle: "gender" must be one of [male, female, other]
2025-02-09 16:06:19 [ERROR]: Error adding Principle: "gender" must be one of [male, female, other]
2025-02-09 16:06:19 [ERROR]: Error adding Principle: "gender" must be one of [male, female, other]
2025-02-09 16:06:28 [ERROR]: Error adding Principle: Principle validation failed: Dob: Cast to date failed for value "Invalid Date" (type Date) at path "Dob", EmployeeID: Path `EmployeeID` is required., gender: `male` is not a valid enum value for path `gender`.
2025-02-09 16:06:47 [ERROR]: Error adding Principle: Principle validation failed: Dob: Cast to date failed for value "Invalid Date" (type Date) at path "Dob", EmployeeID: Path `EmployeeID` is required.
2025-02-09 16:14:03 [INFO]: Principle Mohan madhav Singhal added successfully
2025-02-09 16:28:15 [ERROR]: Error adding Principle: User already exists
2025-02-09 16:29:03 [ERROR]: Error adding Principle: User already exists
2025-02-09 16:29:59 [ERROR]: Error adding Principle: User already exists
2025-02-09 16:32:25 [ERROR]: Error adding Principle: User already exists
