2025-03-01 16:23:43 [ERROR]: uncaughtException: de is not defined
ReferenceError: de is not defined
    at file:///D:/vidhyalya-backend/src/resolvers/studentResolvers.js:219:9
    at ModuleJob.run (node:internal/modules/esm/module_job:234:25)
    at async ModuleLoader.import (node:internal/modules/esm/loader:473:24)
    at async asyncRunEntryPointWithESMLoader (node:internal/modules/run_main:123:5)
ReferenceError: de is not defined
    at file:///D:/vidhyalya-backend/src/resolvers/studentResolvers.js:219:9
    at ModuleJob.run (node:internal/modules/esm/module_job:234:25)
    at async ModuleLoader.import (node:internal/modules/esm/loader:473:24)
    at async asyncRunEntryPointWithESMLoader (node:internal/modules/run_main:123:5)
2025-03-01 16:23:43 [ERROR]: uncaughtException: de is not defined
ReferenceError: de is not defined
    at file:///D:/vidhyalya-backend/src/resolvers/studentResolvers.js:219:9
    at ModuleJob.run (node:internal/modules/esm/module_job:234:25)
    at async ModuleLoader.import (node:internal/modules/esm/loader:473:24)
    at async asyncRunEntryPointWithESMLoader (node:internal/modules/run_main:123:5)
ReferenceError: de is not defined
    at file:///D:/vidhyalya-backend/src/resolvers/studentResolvers.js:219:9
    at ModuleJob.run (node:internal/modules/esm/module_job:234:25)
    at async ModuleLoader.import (node:internal/modules/esm/loader:473:24)
    at async asyncRunEntryPointWithESMLoader (node:internal/modules/run_main:123:5)
2025-03-02 10:27:52 [ERROR]: uncaughtException: de is not defined
ReferenceError: de is not defined
    at file:///D:/vidhyalya-backend/src/resolvers/studentResolvers.js:219:9
    at ModuleJob.run (node:internal/modules/esm/module_job:234:25)
    at async ModuleLoader.import (node:internal/modules/esm/loader:473:24)
    at async asyncRunEntryPointWithESMLoader (node:internal/modules/run_main:123:5)
ReferenceError: de is not defined
    at file:///D:/vidhyalya-backend/src/resolvers/studentResolvers.js:219:9
    at ModuleJob.run (node:internal/modules/esm/module_job:234:25)
    at async ModuleLoader.import (node:internal/modules/esm/loader:473:24)
    at async asyncRunEntryPointWithESMLoader (node:internal/modules/run_main:123:5)
2025-03-02 10:59:48 [ERROR]: uncaughtException: de is not defined
ReferenceError: de is not defined
    at file:///D:/vidhyalya-backend/src/resolvers/studentResolvers.js:219:9
    at ModuleJob.run (node:internal/modules/esm/module_job:234:25)
    at async ModuleLoader.import (node:internal/modules/esm/loader:473:24)
    at async asyncRunEntryPointWithESMLoader (node:internal/modules/run_main:123:5)
ReferenceError: de is not defined
    at file:///D:/vidhyalya-backend/src/resolvers/studentResolvers.js:219:9
    at ModuleJob.run (node:internal/modules/esm/module_job:234:25)
    at async ModuleLoader.import (node:internal/modules/esm/loader:473:24)
    at async asyncRunEntryPointWithESMLoader (node:internal/modules/run_main:123:5)
